<?xml version="1.0" encoding="UTF-8"?>
<!-- Generated by org.testng.reporters.JUnitReportReporter -->
<testsuite hostname="SCEEKALPF28RTJ2" failures="0" tests="1" name="com.cleartrip.tests.Regression_001_BookRoundTrip" time="342.494" errors="0" timestamp="2021-08-06T23:16:02 IST" skipped="0">
  <testcase classname="com.cleartrip.tests.Regression_001_BookRoundTrip" name="NRE_001_BookRoundTrip_test" time="342.494"/>
  <system-out>
    <![CDATA[Element is present in the webpage
Top Panel is displayed
Clicked on the webelement successfully
Element is visible in the webpage
Clicked on the webelement successfully
Element is visible in the webpage
Successfully filled the text in the text box
Successfully filled the text in the text box
Clicked on the webelement successfully
Element is present in the webpage
Element is visible in the webpage
Flight Booking page is displayed
Clicked on the webelement successfully
Successfully filled the text in the text box
Element is visible in the webpage
Clicked on the webelement successfully
Successfully filled the text in the text box
Element is visible in the webpage
Clicked on the webelement successfully
Clicked on the webelement successfully
Element is visible in the webpage
Clicked on the webelement successfully
Clicked on the webelement successfully
Successfully selected the text in the dropdown
Element is visible in the webpage
Clicked on the webelement successfully
Element is present in the webpage
Clicked on the webelement successfully
Element is present in the webpage
Review Itinerary page is displayed
Clicked on the webelement successfully
Clicked on the webelement successfully
Element is visible in the webpage
Clicked on the webelement successfully
Element is visible in the webpage
Successfully filled the text in the text box
Element is present in the webpage
Element is visible in the webpage
Clicked on the webelement successfully
Element is visible in the webpage
Successfully filled the text in the text box
Successfully filled the text in the text box
Clicked on the webelement successfully
Clicked on the webelement successfully
Successfully filled the text in the text box
Element is visible in the webpage
Clicked on the webelement successfully
Element is present in the webpage
Successfully filled the text in the text box
Clicked on the webelement successfully
Element is present in the webpage
Payment page is displayed]]>
  </system-out>
</testsuite> <!-- com.cleartrip.tests.Regression_001_BookRoundTrip -->
